#
# A fatal error has been detected by the Java Runtime Environment:
#
#  EXCEPTION_ACCESS_VIOLATION (0xc0000005) at pc=0x00007fff6f395331, pid=16336, tid=6832
#
# JRE version: OpenJDK Runtime Environment Zulu15.36+13-CA (15.0.5+3) (build 15.0.5+3-MTS)
# Java VM: OpenJDK 64-Bit Server VM Zulu15.36+13-CA (15.0.5+3-MTS, mixed mode, sharing, tiered, compressed oops, g1 gc, windows-amd64)
# Problematic frame:
# V  [jvm.dll+0x315331]
#
# No core dump will be written. Minidumps are not enabled by default on client versions of Windows
#
# If you would like to submit a bug report, please visit:
#   http://www.azul.com/support/
#

---------------  S U M M A R Y ------------

Command Line: --add-opens=java.base/java.util=ALL-UNNAMED --add-opens=java.base/java.lang=ALL-UNNAMED --add-opens=java.base/java.lang.invoke=ALL-UNNAMED --add-opens=java.base/java.util=ALL-UNNAMED --add-opens=java.prefs/java.util.prefs=ALL-UNNAMED --add-opens=java.prefs/java.util.prefs=ALL-UNNAMED --add-opens=java.base/java.nio.charset=ALL-UNNAMED --add-opens=java.base/java.net=ALL-UNNAMED --add-opens=java.base/java.util.concurrent.atomic=ALL-UNNAMED -Xmx2048m -Dfile.encoding=UTF-8 -Duser.country=US -Duser.language=en -Duser.variant org.gradle.launcher.daemon.bootstrap.GradleDaemon 7.0.2

Host: Intel(R) Core(TM) i5-3210M CPU @ 2.50GHz, 4 cores, 7G,  Windows 10 , 64 bit Build 19041 (10.0.19041.1348)
Time: Mon Dec 27 08:44:44 2021 India Standard Time elapsed time: 10.980539 seconds (0d 0h 0m 10s)

---------------  T H R E A D  ---------------

Current thread (0x000001b6d8b6bf20):  JavaThread "C2 CompilerThread0" daemon [_thread_in_native, id=6832, stack(0x0000004059d00000,0x0000004059e00000)]


Current CompileTask:
C2:  10980 3719       4       org.objectweb.asm.Frame::execute (2318 bytes)

Stack: [0x0000004059d00000,0x0000004059e00000],  sp=0x0000004059dfb7c0,  free space=1005k
Native frames: (J=compiled Java code, j=interpreted, Vv=VM code, C=native code)
V  [jvm.dll+0x315331]
V  [jvm.dll+0x30efdc]
V  [jvm.dll+0x17880f]
V  [jvm.dll+0x1d227d]
V  [jvm.dll+0x1d15d8]
V  [jvm.dll+0x1645b7]
V  [jvm.dll+0x1e04b4]
V  [jvm.dll+0x1de5fb]
V  [jvm.dll+0x75c84d]
V  [jvm.dll+0x75574a]
V  [jvm.dll+0x5f73e6]
C  [ucrtbase.dll+0x21bb2]
C  [KERNEL32.DLL+0x17034]
C  [ntdll.dll+0x52651]


siginfo: EXCEPTION_ACCESS_VIOLATION (0xc0000005), reading address 0x00005fff6fb314a0


Register to memory mapping:

RIP=0x00007fff6f395331 jvm.dll
RAX=0x000001b6da510860 points into unknown readable memory: 0x0000000000000000 | 00 00 00 00 00 00 00 00
RBX=0x0000004059dfb8e0 is pointing into the stack for thread: 0x000001b6d8b6bf20
RCX=0x0 is NULL
RDX=0x000001b6dccda210 points into unknown readable memory: 0x0000000100000002 | 02 00 00 00 01 00 00 00
RSP=0x0000004059dfb7c0 is pointing into the stack for thread: 0x000001b6d8b6bf20
RBP=0x0000004059dfe380 is pointing into the stack for thread: 0x000001b6d8b6bf20
RSI=0x0000000000000088 is an unknown value
RDI=0x0000000000000011 is an unknown value
R8 =0x0000000000000012 is an unknown value
R9 =0x0000000000000008 is an unknown value
R10=0x0000000000000003 is an unknown value
R11=0x0000000000000012 is an unknown value
R12=0x000001b6d89c13e0 points into unknown readable memory: 0x000001b6d89c1430 | 30 14 9c d8 b6 01 00 00
R13=0x00007fff6fb314a0 jvm.dll
R14=0x00005fff6fb314a0 is an unknown value
R15=0x000001b6dccda210 points into unknown readable memory: 0x0000000100000002 | 02 00 00 00 01 00 00 00


Registers:
RAX=0x000001b6da510860, RBX=0x0000004059dfb8e0, RCX=0x0000000000000000, RDX=0x000001b6dccda210
RSP=0x0000004059dfb7c0, RBP=0x0000004059dfe380, RSI=0x0000000000000088, RDI=0x0000000000000011
R8 =0x0000000000000012, R9 =0x0000000000000008, R10=0x0000000000000003, R11=0x0000000000000012
R12=0x000001b6d89c13e0, R13=0x00007fff6fb314a0, R14=0x00005fff6fb314a0, R15=0x000001b6dccda210
RIP=0x00007fff6f395331, EFLAGS=0x0000000000010246

Top of Stack: (sp=0x0000004059dfb7c0)
0x0000004059dfb7c0:   0000014a00000000 0000000200000003
0x0000004059dfb7d0:   0000000000000002 00007fff6f5a6150
0x0000004059dfb7e0:   0000000000000000 000001b6dc34bde0
0x0000004059dfb7f0:   0000000000000003 0000004059dfb910
0x0000004059dfb800:   0000004059dfbe90 00007fff6f38efdc
0x0000004059dfb810:   0000000000000000 0000000000000003
0x0000004059dfb820:   000001b6dbd31cb8 000001b6da50a2e0
0x0000004059dfb830:   0000004059dfb850 00007fff00000006
0x0000004059dfb840:   ffffffff00000003 000001b6dbd31cb8
0x0000004059dfb850:   0000000300000000 0000000e00000000
0x0000004059dfb860:   000001b600000000 0000000000000003
0x0000004059dfb870:   0000000300000003 0000000d00000003
0x0000004059dfb880:   000001b600000000 000000af00000002
0x0000004059dfb890:   0000014c0000000f 0000000000000000
0x0000004059dfb8a0:   0000014a00000000 0000000200000003
0x0000004059dfb8b0:   000001b600000002 000001b6da510400 

Instructions: (pc=0x00007fff6f395331)
0x00007fff6f395231:   8b 88 80 00 00 00 48 8b c6 48 f7 d0 48 8b b9 28
0x00007fff6f395241:   08 00 00 48 8b 4f 18 48 3b c1 73 16 4c 8d 05 2c
0x00007fff6f395251:   79 54 00 48 8b d6 48 8b cf e8 81 4e d8 ff 48 8b
0x00007fff6f395261:   4f 18 48 8d 04 31 48 3b 47 20 76 13 45 33 c0 48
0x00007fff6f395271:   8b d6 48 8b cf e8 05 4b d8 ff 48 8b c8 eb 04 48
0x00007fff6f395281:   89 47 18 41 b9 08 00 00 00 33 ff 48 89 4b 08 39
0x00007fff6f395291:   bb 90 00 00 00 0f 86 ca 00 00 00 65 48 8b 04 25
0x00007fff6f3952a1:   58 00 00 00 4c 89 64 24 50 4c 89 6c 24 58 4c 8d
0x00007fff6f3952b1:   2d ea c1 79 00 4c 89 74 24 60 4c 8d 24 e8 90 49
0x00007fff6f3952c1:   8b 47 08 48 8d 34 fd 00 00 00 00 4c 8b 34 06 4d
0x00007fff6f3952d1:   3b f5 75 0a 48 8b 43 08 4c 89 2c 06 eb 6a 49 8b
0x00007fff6f3952e1:   04 24 41 8b c9 48 8b 0c 01 48 8b 81 d0 04 00 00
0x00007fff6f3952f1:   48 8b a8 80 00 00 00 48 8b 85 30 08 00 00 48 85
0x00007fff6f395301:   c0 75 12 e8 f7 09 00 00 48 8b 85 30 08 00 00 41
0x00007fff6f395311:   b9 08 00 00 00 48 8b 08 48 89 8d 30 08 00 00 33
0x00007fff6f395321:   c9 48 89 08 48 89 48 08 48 89 48 10 48 89 48 18
0x00007fff6f395331:   41 0f 10 06 0f 11 00 41 0f 10 4e 10 0f 11 48 10
0x00007fff6f395341:   48 8b 4b 08 48 89 04 0e ff c7 3b bb 90 00 00 00
0x00007fff6f395351:   0f 82 69 ff ff ff 4c 8b 74 24 60 4c 8b 6c 24 58
0x00007fff6f395361:   4c 8b 64 24 50 48 8b c3 48 83 c4 20 41 5f 5f 5e
0x00007fff6f395371:   5d 5b c3 cc cc cc cc cc cc cc cc cc cc cc cc 40
0x00007fff6f395381:   53 8b 51 08 4c 8b d1 83 fa 08 73 1f 48 8b 59 18
0x00007fff6f395391:   44 8b c2 44 8d 5a 01 42 83 3c 83 00 0f 85 f7 00
0x00007fff6f3953a1:   00 00 41 8b d3 41 83 fb 08 72 e5 44 8b 59 0c 48
0x00007fff6f3953b1:   89 6c 24 10 48 89 74 24 18 48 89 7c 24 20 44 3b
0x00007fff6f3953c1:   59 10 0f 83 be 00 00 00 8b 0d 3d 86 7e 00 48 8d
0x00007fff6f3953d1:   35 ca c0 79 00 65 48 8b 04 25 58 00 00 00 bd 08
0x00007fff6f3953e1:   00 00 00 48 8d 3c c8 0f 1f 84 00 00 00 00 00 49
0x00007fff6f3953f1:   8b 42 20 41 8b db 4c 8b 04 d8 4c 3b c6 74 7a 33
0x00007fff6f395401:   c0 4d 89 42 18 33 c9 0f 1f 84 00 00 00 00 00 42
0x00007fff6f395411:   83 3c 01 00 8d 50 01 0f 85 b3 00 00 00 48 83 c1
0x00007fff6f395421:   04 8b c2 83 fa 08 72 e7 4d 8b 4a 28 4d 85 c9 74 


Stack slot to memory mapping:
stack at sp + 0 slots: 0x0000014a00000000 is an unknown value
stack at sp + 1 slots: 0x0000000200000003 is an unknown value
stack at sp + 2 slots: 0x0000000000000002 is an unknown value
stack at sp + 3 slots: 0x00007fff6f5a6150 jvm.dll
stack at sp + 4 slots: 0x0 is NULL
stack at sp + 5 slots: 0x000001b6dc34bde0 points into unknown readable memory: 0x00007fff6f8e2878 | 78 28 8e 6f ff 7f 00 00
stack at sp + 6 slots: 0x0000000000000003 is an unknown value
stack at sp + 7 slots: 0x0000004059dfb910 is pointing into the stack for thread: 0x000001b6d8b6bf20


---------------  P R O C E S S  ---------------

Threads class SMR info:
_java_thread_list=0x000001b6db9cdc70, length=37, elements={
0x000001b6b85be740, 0x000001b6d8b4b810, 0x000001b6d8b4c2f0, 0x000001b6d8b611b0,
0x000001b6d8b61a70, 0x000001b6d8b62430, 0x000001b6d8b6bf20, 0x000001b6d8b7c600,
0x000001b6d8b80e30, 0x000001b6d95a2f70, 0x000001b6d95e1a80, 0x000001b6dab0be90,
0x000001b6dbb63940, 0x000001b6daacf6d0, 0x000001b6db795a10, 0x000001b6daf3e3d0,
0x000001b6dace0e00, 0x000001b6db0cb0e0, 0x000001b6daaa8d90, 0x000001b6da307410,
0x000001b6dc7d7340, 0x000001b6dc7d5b30, 0x000001b6dc7d47f0, 0x000001b6dc7d6000,
0x000001b6dc7d6e70, 0x000001b6dc7d4cc0, 0x000001b6dc7d7810, 0x000001b6dc7d4320,
0x000001b6dc7d64d0, 0x000001b6dc7d5660, 0x000001b6dc7d7ce0, 0x000001b6dba0ca40,
0x000001b6dba09080, 0x000001b6dba0d8b0, 0x000001b6dba07d40, 0x000001b6dba06530,
0x000001b6d8b79360
}

Java Threads: ( => current thread )
  0x000001b6b85be740 JavaThread "main" [_thread_blocked, id=14396, stack(0x0000004059100000,0x0000004059200000)]
  0x000001b6d8b4b810 JavaThread "Reference Handler" daemon [_thread_blocked, id=15656, stack(0x0000004059800000,0x0000004059900000)]
  0x000001b6d8b4c2f0 JavaThread "Finalizer" daemon [_thread_blocked, id=2892, stack(0x0000004059900000,0x0000004059a00000)]
  0x000001b6d8b611b0 JavaThread "Signal Dispatcher" daemon [_thread_blocked, id=7560, stack(0x0000004059a00000,0x0000004059b00000)]
  0x000001b6d8b61a70 JavaThread "Attach Listener" daemon [_thread_blocked, id=14700, stack(0x0000004059b00000,0x0000004059c00000)]
  0x000001b6d8b62430 JavaThread "Service Thread" daemon [_thread_blocked, id=11612, stack(0x0000004059c00000,0x0000004059d00000)]
=>0x000001b6d8b6bf20 JavaThread "C2 CompilerThread0" daemon [_thread_in_native, id=6832, stack(0x0000004059d00000,0x0000004059e00000)]
  0x000001b6d8b7c600 JavaThread "C1 CompilerThread0" daemon [_thread_blocked, id=8720, stack(0x0000004059e00000,0x0000004059f00000)]
  0x000001b6d8b80e30 JavaThread "Sweeper thread" daemon [_thread_blocked, id=12940, stack(0x0000004059f00000,0x000000405a000000)]
  0x000001b6d95a2f70 JavaThread "Common-Cleaner" daemon [_thread_blocked, id=4544, stack(0x000000405a000000,0x000000405a100000)]
  0x000001b6d95e1a80 JavaThread "Notification Thread" daemon [_thread_blocked, id=11960, stack(0x000000405a100000,0x000000405a200000)]
  0x000001b6dab0be90 JavaThread "Daemon health stats" [_thread_blocked, id=10912, stack(0x000000405a600000,0x000000405a700000)]
  0x000001b6dbb63940 JavaThread "Incoming local TCP Connector on port 50060" [_thread_in_native, id=9036, stack(0x000000405a500000,0x000000405a600000)]
  0x000001b6daacf6d0 JavaThread "Daemon periodic checks" [_thread_blocked, id=5064, stack(0x000000405a700000,0x000000405a800000)]
  0x000001b6db795a10 JavaThread "Daemon" [_thread_blocked, id=10908, stack(0x000000405a800000,0x000000405a900000)]
  0x000001b6daf3e3d0 JavaThread "Handler for socket connection from /127.0.0.1:50060 to /127.0.0.1:50061" [_thread_in_native, id=13072, stack(0x000000405a900000,0x000000405aa00000)]
  0x000001b6dace0e00 JavaThread "Cancel handler" [_thread_blocked, id=7164, stack(0x000000405aa00000,0x000000405ab00000)]
  0x000001b6db0cb0e0 JavaThread "Daemon worker" [_thread_in_native, id=6564, stack(0x000000405ab00000,0x000000405ac00000)]
  0x000001b6daaa8d90 JavaThread "Asynchronous log dispatcher for DefaultDaemonConnection: socket connection from /127.0.0.1:50060 to /127.0.0.1:50061" [_thread_blocked, id=7964, stack(0x000000405ac00000,0x000000405ad00000)]
  0x000001b6da307410 JavaThread "Stdin handler" [_thread_blocked, id=11260, stack(0x000000405ad00000,0x000000405ae00000)]
  0x000001b6dc7d7340 JavaThread "Daemon client event forwarder" [_thread_blocked, id=12560, stack(0x000000405ae00000,0x000000405af00000)]
  0x000001b6dc7d5b30 JavaThread "Cache worker for file hash cache (C:\Users\Hp\.gradle\caches\7.0.2\fileHashes)" [_thread_blocked, id=7456, stack(0x000000405af00000,0x000000405b000000)]
  0x000001b6dc7d47f0 JavaThread "File lock request listener" [_thread_in_native, id=13532, stack(0x000000405b000000,0x000000405b100000)]
  0x000001b6dc7d6000 JavaThread "Cache worker for journal cache (C:\Users\Hp\.gradle\caches\journal-1)" [_thread_blocked, id=14348, stack(0x000000405b100000,0x000000405b200000)]
  0x000001b6dc7d6e70 JavaThread "Cache worker for file hash cache (F:\Neeraj_project\NMNews\.gradle\7.0.2\fileHashes)" [_thread_blocked, id=3356, stack(0x000000405b400000,0x000000405b500000)]
  0x000001b6dc7d4cc0 JavaThread "File watcher server" daemon [_thread_in_native, id=11516, stack(0x000000405b500000,0x000000405b600000)]
  0x000001b6dc7d7810 JavaThread "File watcher consumer" daemon [_thread_blocked, id=16344, stack(0x000000405b600000,0x000000405b700000)]
  0x000001b6dc7d4320 JavaThread "Cache worker for checksums cache (F:\Neeraj_project\NMNews\.gradle\checksums)" [_thread_blocked, id=14464, stack(0x000000405b700000,0x000000405b800000)]
  0x000001b6dc7d64d0 JavaThread "Cache worker for cache directory md-supplier (C:\Users\Hp\.gradle\caches\7.0.2\md-supplier)" [_thread_blocked, id=7848, stack(0x000000405b800000,0x000000405b900000)]
  0x000001b6dc7d5660 JavaThread "Cache worker for cache directory md-rule (C:\Users\Hp\.gradle\caches\7.0.2\md-rule)" [_thread_blocked, id=572, stack(0x000000405b900000,0x000000405ba00000)]
  0x000001b6dc7d7ce0 JavaThread "Cache worker for execution history cache (C:\Users\Hp\.gradle\caches\7.0.2\executionHistory)" [_thread_blocked, id=11820, stack(0x000000405ba00000,0x000000405bb00000)]
  0x000001b6dba0ca40 JavaThread "jar transforms" [_thread_blocked, id=9772, stack(0x000000405bc00000,0x000000405bd00000)]
  0x000001b6dba09080 JavaThread "jar transforms Thread 2" [_thread_blocked, id=9384, stack(0x000000405b200000,0x000000405b300000)]
  0x000001b6dba0d8b0 JavaThread "Cache worker for file content cache (C:\Users\Hp\.gradle\caches\7.0.2\fileContent)" [_thread_blocked, id=14508, stack(0x000000405be00000,0x000000405bf00000)]
  0x000001b6dba07d40 JavaThread "Cache worker for dependencies-accessors (F:\Neeraj_project\NMNews\.gradle\7.0.2\dependencies-accessors)" [_thread_blocked, id=9016, stack(0x000000405bf00000,0x000000405c000000)]
  0x000001b6dba06530 JavaThread "jar transforms Thread 3" [_thread_blocked, id=12684, stack(0x000000405c000000,0x000000405c100000)]
  0x000001b6d8b79360 JavaThread "C2 CompilerThread1" daemon [_thread_blocked, id=7812, stack(0x000000405bd00000,0x000000405be00000)]

Other Threads:
  0x000001b6d8b46050 VMThread "VM Thread" [stack: 0x0000004059700000,0x0000004059800000] [id=16260]
  0x000001b6d95e1f50 WatcherThread [stack: 0x000000405a200000,0x000000405a300000] [id=10236]
  0x000001b6b85fc850 GCTaskThread "GC Thread#0" [stack: 0x0000004059200000,0x0000004059300000] [id=5024]
  0x000001b6d95904a0 GCTaskThread "GC Thread#1" [stack: 0x000000405a300000,0x000000405a400000] [id=7076]
  0x000001b6d99c0950 GCTaskThread "GC Thread#2" [stack: 0x000000405a400000,0x000000405a500000] [id=15940]
  0x000001b6d99c1940 GCTaskThread "GC Thread#3" [stack: 0x000000405b300000,0x000000405b400000] [id=15800]
  0x000001b6b860de30 ConcurrentGCThread "G1 Main Marker" [stack: 0x0000004059300000,0x0000004059400000] [id=972]
  0x000001b6b860e670 ConcurrentGCThread "G1 Conc#0" [stack: 0x0000004059400000,0x0000004059500000] [id=6552]
  0x000001b6d89c00a0 ConcurrentGCThread "G1 Refine#0" [stack: 0x0000004059500000,0x0000004059600000] [id=10784]
  0x000001b6dc14bcd0 ConcurrentGCThread "G1 Refine#1" [stack: 0x000000405bb00000,0x000000405bc00000] [id=3476]
  0x000001b6d89c08f0 ConcurrentGCThread "G1 Young RemSet Sampling" [stack: 0x0000004059600000,0x0000004059700000] [id=16148]

Threads with active compile tasks:
C2 CompilerThread0    11068 3719       4       org.objectweb.asm.Frame::execute (2318 bytes)

VM state: not at safepoint (normal execution)

VM Mutex/Monitor currently owned by a thread: None

Heap address: 0x0000000080000000, size: 2048 MB, Compressed Oops mode: 32-bit
CDS archive(s) mapped at: [0x0000000800000000-0x0000000800b50000-0x0000000800b50000), size 11862016, SharedBaseAddress: 0x0000000800000000, ArchiveRelocationMode: 0.
Compressed class space mapped at: 0x0000000800b50000-0x0000000840b50000, size: 1073741824
Narrow klass base: 0x0000000800000000, Narrow klass shift: 3, Narrow klass range: 0x100000000

GC Precious Log:
 CPUs: 4 total, 4 available
 Memory: 8084M
 Large Page Support: Disabled
 NUMA Support: Disabled
 Compressed Oops: Enabled (32-bit)
 Heap Region Size: 1M
 Heap Min Capacity: 8M
 Heap Initial Capacity: 128M
 Heap Max Capacity: 2G
 Pre-touch: Disabled
 Parallel Workers: 4
 Concurrent Workers: 1
 Concurrent Refinement Workers: 4
 Periodic GC: Disabled

Heap:
 garbage-first heap   total 75776K, used 52402K [0x0000000080000000, 0x0000000100000000)
  region size 1024K, 28 young (28672K), 3 survivors (3072K)
 Metaspace       used 34695K, capacity 35340K, committed 35504K, reserved 1079296K
  class space    used 4616K, capacity 4819K, committed 4864K, reserved 1048576K

Heap Regions: E=young(eden), S=young(survivor), O=old, HS=humongous(starts), HC=humongous(continues), CS=collection set, F=free, OA=open archive, CA=closed archive, TAMS=top-at-mark-start (previous, next)
|   0|0x0000000080000000, 0x0000000080100000, 0x0000000080100000|100%|HS|  |TAMS 0x0000000080100000, 0x0000000080000000| Complete 
|   1|0x0000000080100000, 0x0000000080200000, 0x0000000080200000|100%|HC|  |TAMS 0x0000000080200000, 0x0000000080100000| Complete 
|   2|0x0000000080200000, 0x0000000080300000, 0x0000000080300000|100%|HC|  |TAMS 0x0000000080300000, 0x0000000080200000| Complete 
|   3|0x0000000080300000, 0x0000000080400000, 0x0000000080400000|100%| O|  |TAMS 0x0000000080400000, 0x0000000080300000| Untracked 
|   4|0x0000000080400000, 0x0000000080500000, 0x0000000080500000|100%| O|  |TAMS 0x0000000080500000, 0x0000000080400000| Untracked 
|   5|0x0000000080500000, 0x0000000080600000, 0x0000000080600000|100%| O|  |TAMS 0x0000000080600000, 0x0000000080500000| Untracked 
|   6|0x0000000080600000, 0x0000000080700000, 0x0000000080700000|100%| O|  |TAMS 0x0000000080700000, 0x0000000080600000| Untracked 
|   7|0x0000000080700000, 0x0000000080800000, 0x0000000080800000|100%| O|  |TAMS 0x0000000080800000, 0x0000000080700000| Untracked 
|   8|0x0000000080800000, 0x0000000080900000, 0x0000000080900000|100%| O|  |TAMS 0x00000000808ed200, 0x0000000080800000| Untracked 
|   9|0x0000000080900000, 0x0000000080a00000, 0x0000000080a00000|100%| O|  |TAMS 0x0000000080900000, 0x0000000080900000| Untracked 
|  10|0x0000000080a00000, 0x0000000080b00000, 0x0000000080b00000|100%| O|  |TAMS 0x0000000080a00000, 0x0000000080a00000| Untracked 
|  11|0x0000000080b00000, 0x0000000080c00000, 0x0000000080c00000|100%| O|  |TAMS 0x0000000080b00000, 0x0000000080b00000| Untracked 
|  12|0x0000000080c00000, 0x0000000080d00000, 0x0000000080d00000|100%| O|  |TAMS 0x0000000080c00000, 0x0000000080c00000| Untracked 
|  13|0x0000000080d00000, 0x0000000080e00000, 0x0000000080e00000|100%| O|  |TAMS 0x0000000080d00000, 0x0000000080d00000| Untracked 
|  14|0x0000000080e00000, 0x0000000080f00000, 0x0000000080f00000|100%| O|  |TAMS 0x0000000080e00000, 0x0000000080e00000| Untracked 
|  15|0x0000000080f00000, 0x0000000081000000, 0x0000000081000000|100%| O|  |TAMS 0x0000000080f00000, 0x0000000080f00000| Untracked 
|  16|0x0000000081000000, 0x0000000081100000, 0x0000000081100000|100%| O|  |TAMS 0x0000000081000000, 0x0000000081000000| Untracked 
|  17|0x0000000081100000, 0x00000000811e5600, 0x0000000081200000| 89%| O|  |TAMS 0x0000000081100000, 0x0000000081100000| Untracked 
|  18|0x0000000081200000, 0x0000000081300000, 0x0000000081300000|100%| O|  |TAMS 0x0000000081200000, 0x0000000081200000| Untracked 
|  19|0x0000000081300000, 0x0000000081400000, 0x0000000081400000|100%|HS|  |TAMS 0x0000000081300000, 0x0000000081300000| Complete 
|  20|0x0000000081400000, 0x0000000081400000, 0x0000000081500000|  0%| F|  |TAMS 0x0000000081400000, 0x0000000081400000| Untracked 
|  21|0x0000000081500000, 0x0000000081500000, 0x0000000081600000|  0%| F|  |TAMS 0x0000000081500000, 0x0000000081500000| Untracked 
|  22|0x0000000081600000, 0x0000000081700000, 0x0000000081700000|100%| O|  |TAMS 0x0000000081600000, 0x0000000081600000| Untracked 
|  23|0x0000000081700000, 0x0000000081800000, 0x0000000081800000|100%| O|  |TAMS 0x0000000081700000, 0x0000000081700000| Untracked 
|  24|0x0000000081800000, 0x0000000081800000, 0x0000000081900000|  0%| F|  |TAMS 0x0000000081800000, 0x0000000081800000| Untracked 
|  25|0x0000000081900000, 0x0000000081900000, 0x0000000081a00000|  0%| F|  |TAMS 0x0000000081900000, 0x0000000081900000| Untracked 
|  26|0x0000000081a00000, 0x0000000081a00000, 0x0000000081b00000|  0%| F|  |TAMS 0x0000000081a00000, 0x0000000081a00000| Untracked 
|  27|0x0000000081b00000, 0x0000000081b00000, 0x0000000081c00000|  0%| F|  |TAMS 0x0000000081b00000, 0x0000000081b00000| Untracked 
|  28|0x0000000081c00000, 0x0000000081c00000, 0x0000000081d00000|  0%| F|  |TAMS 0x0000000081c00000, 0x0000000081c00000| Untracked 
|  29|0x0000000081d00000, 0x0000000081d00000, 0x0000000081e00000|  0%| F|  |TAMS 0x0000000081d00000, 0x0000000081d00000| Untracked 
|  30|0x0000000081e00000, 0x0000000081f00000, 0x0000000081f00000|100%| O|  |TAMS 0x0000000081e00000, 0x0000000081e00000| Untracked 
|  31|0x0000000081f00000, 0x0000000082000000, 0x0000000082000000|100%| O|  |TAMS 0x0000000081f00000, 0x0000000081f00000| Untracked 
|  32|0x0000000082000000, 0x0000000082062800, 0x0000000082100000| 38%| O|  |TAMS 0x0000000082000000, 0x0000000082000000| Untracked 
|  33|0x0000000082100000, 0x0000000082100000, 0x0000000082200000|  0%| F|  |TAMS 0x0000000082100000, 0x0000000082100000| Untracked 
|  34|0x0000000082200000, 0x0000000082200000, 0x0000000082300000|  0%| F|  |TAMS 0x0000000082200000, 0x0000000082200000| Untracked 
|  35|0x0000000082300000, 0x0000000082300000, 0x0000000082400000|  0%| F|  |TAMS 0x0000000082300000, 0x0000000082300000| Untracked 
|  36|0x0000000082400000, 0x0000000082400000, 0x0000000082500000|  0%| F|  |TAMS 0x0000000082400000, 0x0000000082400000| Untracked 
|  37|0x0000000082500000, 0x0000000082500000, 0x0000000082600000|  0%| F|  |TAMS 0x0000000082500000, 0x0000000082500000| Untracked 
|  38|0x0000000082600000, 0x0000000082600000, 0x0000000082700000|  0%| F|  |TAMS 0x0000000082600000, 0x0000000082600000| Untracked 
|  39|0x0000000082700000, 0x0000000082700000, 0x0000000082800000|  0%| F|  |TAMS 0x0000000082700000, 0x0000000082700000| Untracked 
|  40|0x0000000082800000, 0x00000000828e4da0, 0x0000000082900000| 89%| S|CS|TAMS 0x0000000082800000, 0x0000000082800000| Complete 
|  41|0x0000000082900000, 0x0000000082a00000, 0x0000000082a00000|100%| S|CS|TAMS 0x0000000082900000, 0x0000000082900000| Complete 
|  42|0x0000000082a00000, 0x0000000082b00000, 0x0000000082b00000|100%| S|CS|TAMS 0x0000000082a00000, 0x0000000082a00000| Complete 
|  43|0x0000000082b00000, 0x0000000082b00000, 0x0000000082c00000|  0%| F|  |TAMS 0x0000000082b00000, 0x0000000082b00000| Untracked 
|  44|0x0000000082c00000, 0x0000000082c00000, 0x0000000082d00000|  0%| F|  |TAMS 0x0000000082c00000, 0x0000000082c00000| Untracked 
|  45|0x0000000082d00000, 0x0000000082d00000, 0x0000000082e00000|  0%| F|  |TAMS 0x0000000082d00000, 0x0000000082d00000| Untracked 
|  46|0x0000000082e00000, 0x0000000082e00000, 0x0000000082f00000|  0%| F|  |TAMS 0x0000000082e00000, 0x0000000082e00000| Untracked 
|  47|0x0000000082f00000, 0x0000000082f00000, 0x0000000083000000|  0%| F|  |TAMS 0x0000000082f00000, 0x0000000082f00000| Untracked 
|  48|0x0000000083000000, 0x0000000083000000, 0x0000000083100000|  0%| F|  |TAMS 0x0000000083000000, 0x0000000083000000| Untracked 
|  49|0x0000000083100000, 0x00000000831eb500, 0x0000000083200000| 91%| E|  |TAMS 0x0000000083100000, 0x0000000083100000| Complete 
|  50|0x0000000083200000, 0x0000000083300000, 0x0000000083300000|100%| E|CS|TAMS 0x0000000083200000, 0x0000000083200000| Complete 
|  51|0x0000000083300000, 0x0000000083400000, 0x0000000083400000|100%| E|CS|TAMS 0x0000000083300000, 0x0000000083300000| Complete 
|  52|0x0000000083400000, 0x0000000083500000, 0x0000000083500000|100%| E|CS|TAMS 0x0000000083400000, 0x0000000083400000| Complete 
|  53|0x0000000083500000, 0x0000000083600000, 0x0000000083600000|100%| E|CS|TAMS 0x0000000083500000, 0x0000000083500000| Complete 
|  54|0x0000000083600000, 0x0000000083700000, 0x0000000083700000|100%| E|CS|TAMS 0x0000000083600000, 0x0000000083600000| Complete 
|  55|0x0000000083700000, 0x0000000083800000, 0x0000000083800000|100%| E|CS|TAMS 0x0000000083700000, 0x0000000083700000| Complete 
|  56|0x0000000083800000, 0x0000000083900000, 0x0000000083900000|100%| E|CS|TAMS 0x0000000083800000, 0x0000000083800000| Complete 
|  57|0x0000000083900000, 0x0000000083a00000, 0x0000000083a00000|100%| E|CS|TAMS 0x0000000083900000, 0x0000000083900000| Complete 
|  58|0x0000000083a00000, 0x0000000083b00000, 0x0000000083b00000|100%| E|CS|TAMS 0x0000000083a00000, 0x0000000083a00000| Complete 
|  59|0x0000000083b00000, 0x0000000083c00000, 0x0000000083c00000|100%| E|CS|TAMS 0x0000000083b00000, 0x0000000083b00000| Complete 
|  60|0x0000000083c00000, 0x0000000083d00000, 0x0000000083d00000|100%| E|CS|TAMS 0x0000000083c00000, 0x0000000083c00000| Complete 
|  61|0x0000000083d00000, 0x0000000083e00000, 0x0000000083e00000|100%| E|CS|TAMS 0x0000000083d00000, 0x0000000083d00000| Complete 
|  62|0x0000000083e00000, 0x0000000083f00000, 0x0000000083f00000|100%| E|CS|TAMS 0x0000000083e00000, 0x0000000083e00000| Complete 
|  63|0x0000000083f00000, 0x0000000084000000, 0x0000000084000000|100%| E|CS|TAMS 0x0000000083f00000, 0x0000000083f00000| Complete 
|  64|0x0000000084000000, 0x0000000084100000, 0x0000000084100000|100%| E|CS|TAMS 0x0000000084000000, 0x0000000084000000| Complete 
|  65|0x0000000084100000, 0x0000000084200000, 0x0000000084200000|100%| E|CS|TAMS 0x0000000084100000, 0x0000000084100000| Complete 
|  66|0x0000000084200000, 0x0000000084300000, 0x0000000084300000|100%| E|CS|TAMS 0x0000000084200000, 0x0000000084200000| Complete 
|  67|0x0000000084300000, 0x0000000084400000, 0x0000000084400000|100%| E|CS|TAMS 0x0000000084300000, 0x0000000084300000| Complete 
|  68|0x0000000084400000, 0x0000000084500000, 0x0000000084500000|100%| E|CS|TAMS 0x0000000084400000, 0x0000000084400000| Complete 
|  69|0x0000000084500000, 0x0000000084600000, 0x0000000084600000|100%| E|CS|TAMS 0x0000000084500000, 0x0000000084500000| Complete 
|  97|0x0000000086100000, 0x0000000086200000, 0x0000000086200000|100%| E|CS|TAMS 0x0000000086100000, 0x0000000086100000| Complete 
|  98|0x0000000086200000, 0x0000000086300000, 0x0000000086300000|100%| E|CS|TAMS 0x0000000086200000, 0x0000000086200000| Complete 
| 126|0x0000000087e00000, 0x0000000087f00000, 0x0000000087f00000|100%| E|CS|TAMS 0x0000000087e00000, 0x0000000087e00000| Complete 
| 127|0x0000000087f00000, 0x0000000088000000, 0x0000000088000000|100%| E|CS|TAMS 0x0000000087f00000, 0x0000000087f00000| Complete 

Card table byte_map: [0x000001b6d1d10000,0x000001b6d2110000] _byte_map_base: 0x000001b6d1910000

Marking Bits (Prev, Next): (CMBitMap*) 0x000001b6b85fccd0, (CMBitMap*) 0x000001b6b85fcc90
 Prev Bits: [0x000001b6d4510000, 0x000001b6d6510000)
 Next Bits: [0x000001b6d2510000, 0x000001b6d4510000)

Polling page: 0x000001b6b8490000

Metaspace:

Usage:
  Non-class:     29.81 MB capacity,    29.37 MB ( 99%) used,   395.78 KB (  1%) free+waste,    46.44 KB ( <1%) overhead. 
      Class:      4.71 MB capacity,     4.51 MB ( 96%) used,   182.45 KB (  4%) free+waste,    19.63 KB ( <1%) overhead. 
       Both:     34.51 MB capacity,    33.88 MB ( 98%) used,   578.23 KB (  2%) free+waste,    66.06 KB ( <1%) overhead. 

Virtual space:
  Non-class space:       30.00 MB reserved,      29.92 MB (>99%) committed 
      Class space:        1.00 GB reserved,       4.75 MB ( <1%) committed 
             Both:        1.03 GB reserved,      34.67 MB (  3%) committed 

Chunk freelists:
   Non-Class:  55.00 KB
       Class:  13.00 KB
        Both:  68.00 KB

MaxMetaspaceSize: 17179869184.00 GB
CompressedClassSpaceSize: 1.00 GB

CodeHeap 'non-profiled nmethods': size=120000Kb used=1946Kb max_used=1946Kb free=118053Kb
 bounds [0x000001b6c9dc0000, 0x000001b6ca030000, 0x000001b6d12f0000]
CodeHeap 'profiled nmethods': size=120000Kb used=7558Kb max_used=7558Kb free=112441Kb
 bounds [0x000001b6c2890000, 0x000001b6c3000000, 0x000001b6c9dc0000]
CodeHeap 'non-nmethods': size=5760Kb used=2302Kb max_used=2348Kb free=3457Kb
 bounds [0x000001b6c22f0000, 0x000001b6c2560000, 0x000001b6c2890000]
 total_blobs=4550 nmethods=3779 adapters=683
 compilation: enabled
              stopped_count=0, restarted_count=0
 full_count=0

Compilation events (20 events):
Event: 10.616 Thread 0x000001b6d8b7c600 3741       3       com.google.common.base.Equivalence$Equals::doHash (5 bytes)
Event: 10.616 Thread 0x000001b6d8b7c600 nmethod 3741 0x000001b6c2fc3a10 code [0x000001b6c2fc3bc0, 0x000001b6c2fc3d88]
Event: 10.620 Thread 0x000001b6d8b7c600 3748       3       com.sun.beans.introspect.PropertyInfo::getInfo (61 bytes)
Event: 10.621 Thread 0x000001b6d8b7c600 nmethod 3748 0x000001b6c2fc3e90 code [0x000001b6c2fc4080, 0x000001b6c2fc4798]
Event: 10.621 Thread 0x000001b6d8b7c600 3749  s    3       java.util.Hashtable::putAll (52 bytes)
Event: 10.622 Thread 0x000001b6d8b7c600 nmethod 3749 0x000001b6c2fc4990 code [0x000001b6c2fc4bc0, 0x000001b6c2fc54c8]
Event: 10.622 Thread 0x000001b6d8b7c600 3750       3       java.beans.PropertyDescriptor::setWriteMethod0 (49 bytes)
Event: 10.624 Thread 0x000001b6d8b7c600 nmethod 3750 0x000001b6c2fc5710 code [0x000001b6c2fc5ac0, 0x000001b6c2fc77a8]
Event: 10.624 Thread 0x000001b6d8b7c600 3752       3       groovy.lang.MetaClassImpl$$Lambda$276/0x0000000800ecc5f8::apply (8 bytes)
Event: 10.625 Thread 0x000001b6d8b7c600 nmethod 3752 0x000001b6c2fc7f10 code [0x000001b6c2fc80e0, 0x000001b6c2fc84c8]
Event: 10.625 Thread 0x000001b6d8b7c600 3751       3       java.beans.FeatureDescriptor::getReturnType (21 bytes)
Event: 10.626 Thread 0x000001b6d8b7c600 nmethod 3751 0x000001b6c2fc8610 code [0x000001b6c2fc8940, 0x000001b6c2fc9ee8]
Event: 10.626 Thread 0x000001b6d8b7c600 3753       3       org.codehaus.groovy.reflection.CachedField::getModifiers (8 bytes)
Event: 10.626 Thread 0x000001b6d8b7c600 nmethod 3753 0x000001b6c2fca610 code [0x000001b6c2fca7a0, 0x000001b6c2fca8b8]
Event: 10.626 Thread 0x000001b6d8b7c600 3754       3       groovy.lang.MetaClassImpl::getMethods (173 bytes)
Event: 10.628 Thread 0x000001b6d8b7c600 nmethod 3754 0x000001b6c2fca990 code [0x000001b6c2fcaca0, 0x000001b6c2fcc0d8]
Event: 10.628 Thread 0x000001b6d8b7c600 3755       3       java.util.Arrays$ArrayList::toArray (15 bytes)
Event: 10.628 Thread 0x000001b6d8b7c600 nmethod 3755 0x000001b6c2fcc690 code [0x000001b6c2fcc840, 0x000001b6c2fcc988]
Event: 10.786 Thread 0x000001b6d8b7c600 3756       3       java.util.concurrent.locks.AbstractQueuedSynchronizer$ConditionObject::unlinkCancelledWaiters (91 bytes)
Event: 10.787 Thread 0x000001b6d8b7c600 nmethod 3756 0x000001b6c2fcca90 code [0x000001b6c2fccc60, 0x000001b6c2fcd0f8]

GC Heap History (14 events):
Event: 1.643 GC heap before
{Heap before GC invocations=0 (full 0):
 garbage-first heap   total 131072K, used 16384K [0x0000000080000000, 0x0000000100000000)
  region size 1024K, 13 young (13312K), 0 survivors (0K)
 Metaspace       used 1150K, capacity 4857K, committed 5120K, reserved 1056768K
  class space    used 92K, capacity 467K, committed 512K, reserved 1048576K
}
Event: 1.648 GC heap after
{Heap after GC invocations=1 (full 0):
 garbage-first heap   total 131072K, used 4481K [0x0000000080000000, 0x0000000100000000)
  region size 1024K, 2 young (2048K), 2 survivors (2048K)
 Metaspace       used 1150K, capacity 4857K, committed 5120K, reserved 1056768K
  class space    used 92K, capacity 467K, committed 512K, reserved 1048576K
}
Event: 2.307 GC heap before
{Heap before GC invocations=1 (full 0):
 garbage-first heap   total 131072K, used 20865K [0x0000000080000000, 0x0000000100000000)
  region size 1024K, 15 young (15360K), 2 survivors (2048K)
 Metaspace       used 3658K, capacity 6342K, committed 6656K, reserved 1056768K
  class space    used 446K, capacity 706K, committed 768K, reserved 1048576K
}
Event: 2.311 GC heap after
{Heap after GC invocations=2 (full 0):
 garbage-first heap   total 131072K, used 9091K [0x0000000080000000, 0x0000000100000000)
  region size 1024K, 2 young (2048K), 2 survivors (2048K)
 Metaspace       used 3658K, capacity 6342K, committed 6656K, reserved 1056768K
  class space    used 446K, capacity 706K, committed 768K, reserved 1048576K
}
Event: 2.820 GC heap before
{Heap before GC invocations=2 (full 0):
 garbage-first heap   total 131072K, used 28547K [0x0000000080000000, 0x0000000100000000)
  region size 1024K, 22 young (22528K), 2 survivors (2048K)
 Metaspace       used 4193K, capacity 6633K, committed 6912K, reserved 1056768K
  class space    used 502K, capacity 739K, committed 768K, reserved 1048576K
}
Event: 2.823 GC heap after
{Heap after GC invocations=3 (full 0):
 garbage-first heap   total 131072K, used 9966K [0x0000000080000000, 0x0000000100000000)
  region size 1024K, 1 young (1024K), 1 survivors (1024K)
 Metaspace       used 4193K, capacity 6633K, committed 6912K, reserved 1056768K
  class space    used 502K, capacity 739K, committed 768K, reserved 1048576K
}
Event: 5.667 GC heap before
{Heap before GC invocations=3 (full 0):
 garbage-first heap   total 131072K, used 86766K [0x0000000080000000, 0x0000000100000000)
  region size 1024K, 76 young (77824K), 1 survivors (1024K)
 Metaspace       used 16762K, capacity 17249K, committed 17408K, reserved 1064960K
  class space    used 2386K, capacity 2554K, committed 2560K, reserved 1048576K
}
Event: 5.682 GC heap after
{Heap after GC invocations=4 (full 0):
 garbage-first heap   total 131072K, used 18038K [0x0000000080000000, 0x0000000100000000)
  region size 1024K, 9 young (9216K), 9 survivors (9216K)
 Metaspace       used 16762K, capacity 17249K, committed 17408K, reserved 1064960K
  class space    used 2386K, capacity 2554K, committed 2560K, reserved 1048576K
}
Event: 6.612 GC heap before
{Heap before GC invocations=4 (full 0):
 garbage-first heap   total 131072K, used 46710K [0x0000000080000000, 0x0000000100000000)
  region size 1024K, 38 young (38912K), 9 survivors (9216K)
 Metaspace       used 20678K, capacity 21134K, committed 21296K, reserved 1067008K
  class space    used 2998K, capacity 3143K, committed 3200K, reserved 1048576K
}
Event: 6.624 GC heap after
{Heap after GC invocations=5 (full 0):
 garbage-first heap   total 131072K, used 20254K [0x0000000080000000, 0x0000000100000000)
  region size 1024K, 2 young (2048K), 2 survivors (2048K)
 Metaspace       used 20678K, capacity 21134K, committed 21296K, reserved 1067008K
  class space    used 2998K, capacity 3143K, committed 3200K, reserved 1048576K
}
Event: 7.598 GC heap before
{Heap before GC invocations=6 (full 0):
 garbage-first heap   total 75776K, used 62238K [0x0000000080000000, 0x0000000100000000)
  region size 1024K, 44 young (45056K), 2 survivors (2048K)
 Metaspace       used 27559K, capacity 28057K, committed 28208K, reserved 1073152K
  class space    used 3778K, capacity 3959K, committed 3968K, reserved 1048576K
}
Event: 7.608 GC heap after
{Heap after GC invocations=7 (full 0):
 garbage-first heap   total 75776K, used 24937K [0x0000000080000000, 0x0000000100000000)
  region size 1024K, 6 young (6144K), 6 survivors (6144K)
 Metaspace       used 27559K, capacity 28057K, committed 28208K, reserved 1073152K
  class space    used 3778K, capacity 3959K, committed 3968K, reserved 1048576K
}
Event: 9.038 GC heap before
{Heap before GC invocations=7 (full 0):
 garbage-first heap   total 75776K, used 58729K [0x0000000080000000, 0x0000000100000000)
  region size 1024K, 37 young (37888K), 6 survivors (6144K)
 Metaspace       used 32114K, capacity 32661K, committed 32944K, reserved 1077248K
  class space    used 4367K, capacity 4546K, committed 4608K, reserved 1048576K
}
Event: 9.051 GC heap after
{Heap after GC invocations=8 (full 0):
 garbage-first heap   total 75776K, used 26802K [0x0000000080000000, 0x0000000100000000)
  region size 1024K, 3 young (3072K), 3 survivors (3072K)
 Metaspace       used 32114K, capacity 32661K, committed 32944K, reserved 1077248K
  class space    used 4367K, capacity 4546K, committed 4608K, reserved 1048576K
}

Deoptimization events (20 events):
Event: 8.964 Thread 0x000001b6db0cb0e0 DEOPT PACKING pc=0x000001b6c9dee374 sp=0x000000405abf9410
Event: 8.964 Thread 0x000001b6db0cb0e0 DEOPT UNPACKING pc=0x000001b6c233e42f sp=0x000000405abf9350 mode 2
Event: 8.964 Thread 0x000001b6db0cb0e0 Uncommon trap: trap_request=0xffffff45 fr.pc=0x000001b6c9f258c8 relative=0x00000000000006e8
Event: 8.964 Thread 0x000001b6db0cb0e0 Uncommon trap: reason=unstable_if action=reinterpret pc=0x000001b6c9f258c8 method=java.util.HashMap.putVal(ILjava/lang/Object;Ljava/lang/Object;ZZ)Ljava/lang/Object; @ 85 c2
Event: 8.964 Thread 0x000001b6db0cb0e0 DEOPT PACKING pc=0x000001b6c9f258c8 sp=0x000000405abf9340
Event: 8.964 Thread 0x000001b6db0cb0e0 DEOPT UNPACKING pc=0x000001b6c233e42f sp=0x000000405abf92f8 mode 2
Event: 8.970 Thread 0x000001b6db0cb0e0 Uncommon trap: trap_request=0xffffff45 fr.pc=0x000001b6c9eff754 relative=0x0000000000000314
Event: 8.970 Thread 0x000001b6db0cb0e0 Uncommon trap: reason=unstable_if action=reinterpret pc=0x000001b6c9eff754 method=org.gradle.internal.reflect.PropertyAccessorType.isGetGetterName(Ljava/lang/String;)Z @ 14 c2
Event: 8.970 Thread 0x000001b6db0cb0e0 DEOPT PACKING pc=0x000001b6c9eff754 sp=0x000000405abf9ce0
Event: 8.970 Thread 0x000001b6db0cb0e0 DEOPT UNPACKING pc=0x000001b6c233e42f sp=0x000000405abf9c38 mode 2
Event: 9.002 Thread 0x000001b6db0cb0e0 Uncommon trap: trap_request=0xffffff45 fr.pc=0x000001b6c9efff88 relative=0x00000000000000e8
Event: 9.002 Thread 0x000001b6db0cb0e0 Uncommon trap: reason=unstable_if action=reinterpret pc=0x000001b6c9efff88 method=org.objectweb.asm.ByteVector.putShort(I)Lorg/objectweb/asm/ByteVector; @ 13 c2
Event: 9.002 Thread 0x000001b6db0cb0e0 DEOPT PACKING pc=0x000001b6c9efff88 sp=0x000000405abf9a10
Event: 9.002 Thread 0x000001b6db0cb0e0 DEOPT UNPACKING pc=0x000001b6c233e42f sp=0x000000405abf99a8 mode 2
Event: 9.026 Thread 0x000001b6db0cb0e0 Uncommon trap: trap_request=0xffffff45 fr.pc=0x000001b6c9f6a96c relative=0x000000000000180c
Event: 9.026 Thread 0x000001b6db0cb0e0 Uncommon trap: reason=unstable_if action=reinterpret pc=0x000001b6c9f6a96c method=java.util.concurrent.ConcurrentHashMap.computeIfAbsent(Ljava/lang/Object;Ljava/util/function/Function;)Ljava/lang/Object; @ 123 c2
Event: 9.026 Thread 0x000001b6db0cb0e0 DEOPT PACKING pc=0x000001b6c9f6a96c sp=0x000000405abfadb0
Event: 9.026 Thread 0x000001b6db0cb0e0 DEOPT UNPACKING pc=0x000001b6c233e42f sp=0x000000405abfad40 mode 2
Event: 9.038 Thread 0x000001b6db0cb0e0 DEOPT PACKING pc=0x000001b6c294d59b sp=0x000000405abf5bc0
Event: 9.038 Thread 0x000001b6db0cb0e0 DEOPT UNPACKING pc=0x000001b6c233e23f sp=0x000000405abf50e0 mode 0

Classes unloaded (0 events):
No events

Classes redefined (0 events):
No events

Internal exceptions (20 events):
Event: 9.859 Thread 0x000001b6db0cb0e0 Exception <a 'java/lang/ClassNotFoundException'{0x0000000083d7e850}: org/gradle/api/internal/DefaultNamedDomainObjectCollectionBeanInfo> (0x0000000083d7e850) 
thrown [./src/hotspot/share/classfile/systemDictionary.cpp, line 295]
Event: 9.859 Thread 0x000001b6db0cb0e0 Exception <a 'java/lang/ClassNotFoundException'{0x0000000083d916c8}: org/gradle/api/internal/DefaultDomainObjectCollectionBeanInfo> (0x0000000083d916c8) 
thrown [./src/hotspot/share/classfile/systemDictionary.cpp, line 295]
Event: 9.860 Thread 0x000001b6db0cb0e0 Exception <a 'java/lang/ClassNotFoundException'{0x0000000083d970d0}: java/util/AbstractCollectionBeanInfo> (0x0000000083d970d0) 
thrown [./src/hotspot/share/classfile/systemDictionary.cpp, line 295]
Event: 9.860 Thread 0x000001b6db0cb0e0 Exception <a 'java/lang/ClassNotFoundException'{0x0000000083d9ca40}: java/util/AbstractCollectionCustomizer> (0x0000000083d9ca40) 
thrown [./src/hotspot/share/classfile/systemDictionary.cpp, line 295]
Event: 9.863 Thread 0x000001b6db0cb0e0 Exception <a 'java/lang/ClassNotFoundException'{0x0000000083db8d68}: org/gradle/api/internal/DefaultDomainObjectCollectionCustomizer> (0x0000000083db8d68) 
thrown [./src/hotspot/share/classfile/systemDictionary.cpp, line 295]
Event: 9.867 Thread 0x000001b6db0cb0e0 Exception <a 'java/lang/ClassNotFoundException'{0x0000000083debc08}: org/gradle/api/internal/DefaultNamedDomainObjectCollectionCustomizer> (0x0000000083debc08) 
thrown [./src/hotspot/share/classfile/systemDictionary.cpp, line 295]
Event: 9.872 Thread 0x000001b6db0cb0e0 Exception <a 'java/lang/ClassNotFoundException'{0x0000000083c260f8}: org/gradle/api/internal/DefaultNamedDomainObjectListCustomizer> (0x0000000083c260f8) 
thrown [./src/hotspot/share/classfile/systemDictionary.cpp, line 295]
Event: 9.875 Thread 0x000001b6db0cb0e0 Exception <a 'java/lang/ClassNotFoundException'{0x0000000083c56648}: org/gradle/api/internal/artifacts/DefaultArtifactRepositoryContainerCustomizer> (0x0000000083c56648) 
thrown [./src/hotspot/share/classfile/systemDictionary.cpp, line 295]
Event: 9.877 Thread 0x000001b6db0cb0e0 Exception <a 'java/lang/ClassNotFoundException'{0x0000000083c7f780}: org/gradle/api/internal/artifacts/dsl/DefaultRepositoryHandlerCustomizer> (0x0000000083c7f780) 
thrown [./src/hotspot/share/classfile/systemDictionary.cpp, line 295]
Event: 9.881 Thread 0x000001b6db0cb0e0 Exception <a 'java/lang/ClassNotFoundException'{0x0000000083cb5918}: org/gradle/api/internal/artifacts/dsl/DefaultRepositoryHandler_DecoratedCustomizer> (0x0000000083cb5918) 
thrown [./src/hotspot/share/classfile/systemDictionary.cpp, line 295]
Event: 10.596 Thread 0x000001b6db0cb0e0 Exception <a 'java/lang/ClassNotFoundException'{0x00000000838834a8}: org/gradle/api/internal/artifacts/repositories/DefaultMavenArtifactRepository_DecoratedBeanInfo> (0x00000000838834a8) 
thrown [./src/hotspot/share/classfile/systemDictionary.cpp, line 295]
Event: 10.598 Thread 0x000001b6db0cb0e0 Exception <a 'java/lang/ClassNotFoundException'{0x000000008389c048}: org/gradle/api/internal/artifacts/repositories/DefaultMavenArtifactRepositoryBeanInfo> (0x000000008389c048) 
thrown [./src/hotspot/share/classfile/systemDictionary.cpp, line 295]
Event: 10.599 Thread 0x000001b6db0cb0e0 Exception <a 'java/lang/ClassNotFoundException'{0x00000000838b5380}: org/gradle/api/internal/artifacts/repositories/AbstractAuthenticationSupportedRepositoryBeanInfo> (0x00000000838b5380) 
thrown [./src/hotspot/share/classfile/systemDictionary.cpp, line 295]
Event: 10.601 Thread 0x000001b6db0cb0e0 Exception <a 'java/lang/ClassNotFoundException'{0x00000000838ce558}: org/gradle/api/internal/artifacts/repositories/AbstractResolutionAwareArtifactRepositoryBeanInfo> (0x00000000838ce558) 
thrown [./src/hotspot/share/classfile/systemDictionary.cpp, line 295]
Event: 10.602 Thread 0x000001b6db0cb0e0 Exception <a 'java/lang/ClassNotFoundException'{0x00000000838e70d0}: org/gradle/api/internal/artifacts/repositories/AbstractArtifactRepositoryBeanInfo> (0x00000000838e70d0) 
thrown [./src/hotspot/share/classfile/systemDictionary.cpp, line 295]
Event: 10.603 Thread 0x000001b6db0cb0e0 Exception <a 'java/lang/ClassNotFoundException'{0x00000000837001d0}: org/gradle/api/internal/artifacts/repositories/AbstractArtifactRepositoryCustomizer> (0x00000000837001d0) 
thrown [./src/hotspot/share/classfile/systemDictionary.cpp, line 295]
Event: 10.609 Thread 0x000001b6db0cb0e0 Exception <a 'java/lang/ClassNotFoundException'{0x00000000837338f0}: org/gradle/api/internal/artifacts/repositories/AbstractResolutionAwareArtifactRepositoryCustomizer> (0x00000000837338f0) 
thrown [./src/hotspot/share/classfile/systemDictionary.cpp, line 295]
Event: 10.612 Thread 0x000001b6db0cb0e0 Exception <a 'java/lang/ClassNotFoundException'{0x0000000083755168}: org/gradle/api/internal/artifacts/repositories/AbstractAuthenticationSupportedRepositoryCustomizer> (0x0000000083755168) 
thrown [./src/hotspot/share/classfile/systemDictionary.cpp, line 295]
Event: 10.614 Thread 0x000001b6db0cb0e0 Exception <a 'java/lang/ClassNotFoundException'{0x000000008377fc28}: org/gradle/api/internal/artifacts/repositories/DefaultMavenArtifactRepositoryCustomizer> (0x000000008377fc28) 
thrown [./src/hotspot/share/classfile/systemDictionary.cpp, line 295]
Event: 10.618 Thread 0x000001b6db0cb0e0 Exception <a 'java/lang/ClassNotFoundException'{0x00000000837b4950}: org/gradle/api/internal/artifacts/repositories/DefaultMavenArtifactRepository_DecoratedCustomizer> (0x00000000837b4950) 
thrown [./src/hotspot/share/classfile/systemDictionary.cpp, line 295]

Events (20 events):
Event: 9.484 loading class com/sun/beans/finder/FinderUtils done
Event: 9.498 loading class sun/reflect/MagicAccessorImpl
Event: 9.498 loading class sun/reflect/MagicAccessorImpl done
Event: 9.657 Thread 0x000001b6d8b79360 Thread exited: 0x000001b6d8b79360
Event: 9.860 loading class java/util/AbstractCollectionBeanInfo
Event: 9.860 loading class java/util/AbstractCollectionBeanInfo done
Event: 9.860 loading class java/util/AbstractCollectionBeanInfo
Event: 9.860 loading class java/util/AbstractCollectionBeanInfo done
Event: 9.860 loading class java/util/AbstractCollectionCustomizer
Event: 9.860 loading class java/util/AbstractCollectionCustomizer done
Event: 9.860 loading class java/util/AbstractCollectionCustomizer
Event: 9.860 loading class java/util/AbstractCollectionCustomizer done
Event: 9.860 loading class sun/reflect/generics/tree/BooleanSignature
Event: 9.860 loading class sun/reflect/generics/tree/BooleanSignature done
Event: 9.861 loading class sun/reflect/generics/reflectiveObjects/GenericArrayTypeImpl
Event: 9.861 loading class sun/reflect/generics/reflectiveObjects/GenericArrayTypeImpl done
Event: 9.957 Executing VM operation: ICBufferFull
Event: 9.958 Executing VM operation: ICBufferFull done
Event: 10.536 loading class java/lang/StackTraceElement$HashedModules
Event: 10.572 loading class java/lang/StackTraceElement$HashedModules done


Dynamic libraries:
0x00007ff6ac440000 - 0x00007ff6ac44d000 	C:\Users\Hp\.jdks\azul-15.0.5\bin\java.exe
0x00007fffcfb50000 - 0x00007fffcfd45000 	C:\WINDOWS\SYSTEM32\ntdll.dll
0x00007fffcf710000 - 0x00007fffcf7ce000 	C:\WINDOWS\System32\KERNEL32.DLL
0x00007fffcd680000 - 0x00007fffcd948000 	C:\WINDOWS\System32\KERNELBASE.dll
0x00007fffcd370000 - 0x00007fffcd470000 	C:\WINDOWS\System32\ucrtbase.dll
0x00007fffc7c90000 - 0x00007fffc7ca5000 	C:\Users\Hp\.jdks\azul-15.0.5\bin\VCRUNTIME140.dll
0x00007fffc7c70000 - 0x00007fffc7c88000 	C:\Users\Hp\.jdks\azul-15.0.5\bin\jli.dll
0x00007fffcf190000 - 0x00007fffcf331000 	C:\WINDOWS\System32\USER32.dll
0x00007fffbc2a0000 - 0x00007fffbc53a000 	C:\WINDOWS\WinSxS\amd64_microsoft.windows.common-controls_6595b64144ccf1df_6.0.19041.1110_none_60b5254171f9507e\COMCTL32.dll
0x00007fffcd510000 - 0x00007fffcd532000 	C:\WINDOWS\System32\win32u.dll
0x00007fffcf470000 - 0x00007fffcf50e000 	C:\WINDOWS\System32\msvcrt.dll
0x00007fffce720000 - 0x00007fffce74b000 	C:\WINDOWS\System32\GDI32.dll
0x00007fffcd570000 - 0x00007fffcd67d000 	C:\WINDOWS\System32\gdi32full.dll
0x00007fffcd470000 - 0x00007fffcd50d000 	C:\WINDOWS\System32\msvcp_win.dll
0x00007fffcdfa0000 - 0x00007fffcdfd0000 	C:\WINDOWS\System32\IMM32.DLL
0x00007fffa5810000 - 0x00007fffa58ab000 	C:\Users\Hp\.jdks\azul-15.0.5\bin\msvcp140.dll
0x00007fff6f080000 - 0x00007fff6fc12000 	C:\Users\Hp\.jdks\azul-15.0.5\bin\server\jvm.dll
0x00007fffcf510000 - 0x00007fffcf5bc000 	C:\WINDOWS\System32\ADVAPI32.dll
0x00007fffcec10000 - 0x00007fffcecab000 	C:\WINDOWS\System32\sechost.dll
0x00007fffcf960000 - 0x00007fffcfa8a000 	C:\WINDOWS\System32\RPCRT4.dll
0x00007fffcf700000 - 0x00007fffcf708000 	C:\WINDOWS\System32\PSAPI.DLL
0x00007fffbc1f0000 - 0x00007fffbc217000 	C:\WINDOWS\SYSTEM32\WINMM.dll
0x00007fffc61d0000 - 0x00007fffc61d9000 	C:\WINDOWS\SYSTEM32\WSOCK32.dll
0x00007fffbe1b0000 - 0x00007fffbe1ba000 	C:\WINDOWS\SYSTEM32\VERSION.dll
0x00007fffcde70000 - 0x00007fffcdedb000 	C:\WINDOWS\System32\WS2_32.dll
0x00007fffcb150000 - 0x00007fffcb162000 	C:\WINDOWS\SYSTEM32\kernel.appcore.dll
0x00007fffc62b0000 - 0x00007fffc62ba000 	C:\Users\Hp\.jdks\azul-15.0.5\bin\jimage.dll
0x00007fffc74d0000 - 0x00007fffc76b4000 	C:\WINDOWS\SYSTEM32\DBGHELP.DLL
0x00007fffc73b0000 - 0x00007fffc73dc000 	C:\WINDOWS\SYSTEM32\dbgcore.DLL
0x00007fffcdb00000 - 0x00007fffcdb82000 	C:\WINDOWS\System32\bcryptPrimitives.dll
0x00007fffba140000 - 0x00007fffba165000 	C:\Users\Hp\.jdks\azul-15.0.5\bin\java.dll
0x00007fffcdfd0000 - 0x00007fffce714000 	C:\WINDOWS\System32\SHELL32.dll
0x00007fffcb350000 - 0x00007fffcbae4000 	C:\WINDOWS\SYSTEM32\windows.storage.dll
0x00007fffce8b0000 - 0x00007fffcec05000 	C:\WINDOWS\System32\combase.dll
0x00007fffccbe0000 - 0x00007fffccc0e000 	C:\WINDOWS\SYSTEM32\Wldp.dll
0x00007fffcf7d0000 - 0x00007fffcf87d000 	C:\WINDOWS\System32\SHCORE.dll
0x00007fffcf400000 - 0x00007fffcf455000 	C:\WINDOWS\System32\shlwapi.dll
0x00007fffcd1a0000 - 0x00007fffcd1bf000 	C:\WINDOWS\SYSTEM32\profapi.dll
0x00007fffbe090000 - 0x00007fffbe0a9000 	C:\Users\Hp\.jdks\azul-15.0.5\bin\net.dll
0x00007fffc34f0000 - 0x00007fffc35fc000 	C:\WINDOWS\SYSTEM32\WINHTTP.dll
0x00007fffcc940000 - 0x00007fffcc9aa000 	C:\WINDOWS\system32\mswsock.dll
0x00007fffbb9b0000 - 0x00007fffbb9c2000 	C:\Users\Hp\.jdks\azul-15.0.5\bin\nio.dll
0x00007fffba3d0000 - 0x00007fffba3e8000 	C:\Users\Hp\.jdks\azul-15.0.5\bin\zip.dll
0x00007fffc62a0000 - 0x00007fffc62b0000 	C:\Users\Hp\.jdks\azul-15.0.5\bin\verify.dll
0x00007fffbe100000 - 0x00007fffbe127000 	C:\Users\Hp\.gradle\native\8bec1ad78214c89d9ad589b4d07fe93259594b29d510b10fafb7a158f7737e5d\windows-amd64\native-platform.dll
0x00007fffa5e90000 - 0x00007fffa5fcd000 	C:\Users\Hp\.gradle\native\53dbd7edfb1c66fb8903c78663c9afc45aea4f116125fa6feffd364cf09443e8\windows-amd64\native-platform-file-events.dll
0x00007fffbe0e0000 - 0x00007fffbe0e9000 	C:\Users\Hp\.jdks\azul-15.0.5\bin\management.dll
0x00007fffbdca0000 - 0x00007fffbdcab000 	C:\Users\Hp\.jdks\azul-15.0.5\bin\management_ext.dll
0x00007fffccb40000 - 0x00007fffccb58000 	C:\WINDOWS\SYSTEM32\CRYPTSP.dll
0x00007fffcc2c0000 - 0x00007fffcc2f4000 	C:\WINDOWS\system32\rsaenh.dll
0x00007fffcd540000 - 0x00007fffcd567000 	C:\WINDOWS\System32\bcrypt.dll
0x00007fffcd110000 - 0x00007fffcd13e000 	C:\WINDOWS\SYSTEM32\USERENV.dll
0x00007fffccb30000 - 0x00007fffccb3c000 	C:\WINDOWS\SYSTEM32\CRYPTBASE.dll
0x00007fffcc630000 - 0x00007fffcc66b000 	C:\WINDOWS\SYSTEM32\IPHLPAPI.DLL
0x00007fffcf460000 - 0x00007fffcf468000 	C:\WINDOWS\System32\NSI.dll
0x00007fffc6680000 - 0x00007fffc6697000 	C:\WINDOWS\SYSTEM32\dhcpcsvc6.DLL
0x00007fffc6c60000 - 0x00007fffc6c7d000 	C:\WINDOWS\SYSTEM32\dhcpcsvc.DLL
0x00007fffcc670000 - 0x00007fffcc73b000 	C:\WINDOWS\SYSTEM32\DNSAPI.dll

dbghelp: loaded successfully - version: 4.0.5 - missing functions: none
symbol engine: initialized successfully - sym options: 0x614 - pdb path: .;C:\Users\Hp\.jdks\azul-15.0.5\bin;C:\WINDOWS\SYSTEM32;C:\WINDOWS\WinSxS\amd64_microsoft.windows.common-controls_6595b64144ccf1df_6.0.19041.1110_none_60b5254171f9507e;C:\Users\Hp\.jdks\azul-15.0.5\bin\server;C:\Users\Hp\.gradle\native\8bec1ad78214c89d9ad589b4d07fe93259594b29d510b10fafb7a158f7737e5d\windows-amd64;C:\Users\Hp\.gradle\native\53dbd7edfb1c66fb8903c78663c9afc45aea4f116125fa6feffd364cf09443e8\windows-amd64

VM Arguments:
jvm_args: --add-opens=java.base/java.util=ALL-UNNAMED --add-opens=java.base/java.lang=ALL-UNNAMED --add-opens=java.base/java.lang.invoke=ALL-UNNAMED --add-opens=java.base/java.util=ALL-UNNAMED --add-opens=java.prefs/java.util.prefs=ALL-UNNAMED --add-opens=java.prefs/java.util.prefs=ALL-UNNAMED --add-opens=java.base/java.nio.charset=ALL-UNNAMED --add-opens=java.base/java.net=ALL-UNNAMED --add-opens=java.base/java.util.concurrent.atomic=ALL-UNNAMED -Xmx2048m -Dfile.encoding=UTF-8 -Duser.country=US -Duser.language=en -Duser.variant 
java_command: org.gradle.launcher.daemon.bootstrap.GradleDaemon 7.0.2
java_class_path (initial): C:\Users\Hp\.gradle\wrapper\dists\gradle-7.0.2-bin\857tjihv64xamwrf0h14cai3r\gradle-7.0.2\lib\gradle-launcher-7.0.2.jar
Launcher Type: SUN_STANDARD

[Global flags]
     intx CICompilerCount                          = 3                                         {product} {ergonomic}
     uint ConcGCThreads                            = 1                                         {product} {ergonomic}
     uint G1ConcRefinementThreads                  = 4                                         {product} {ergonomic}
   size_t G1HeapRegionSize                         = 1048576                                   {product} {ergonomic}
    uintx GCDrainStackTargetSize                   = 64                                        {product} {ergonomic}
   size_t InitialHeapSize                          = 134217728                                 {product} {ergonomic}
   size_t MarkStackSize                            = 4194304                                   {product} {ergonomic}
   size_t MaxHeapSize                              = 2147483648                                {product} {command line}
   size_t MaxNewSize                               = 1287651328                                {product} {ergonomic}
   size_t MinHeapDeltaBytes                        = 1048576                                   {product} {ergonomic}
   size_t MinHeapSize                              = 8388608                                   {product} {ergonomic}
    uintx NonNMethodCodeHeapSize                   = 5832780                                {pd product} {ergonomic}
    uintx NonProfiledCodeHeapSize                  = 122912730                              {pd product} {ergonomic}
    uintx ProfiledCodeHeapSize                     = 122912730                              {pd product} {ergonomic}
    uintx ReservedCodeCacheSize                    = 251658240                              {pd product} {ergonomic}
     bool SegmentedCodeCache                       = true                                      {product} {ergonomic}
   size_t SoftMaxHeapSize                          = 2147483648                             {manageable} {ergonomic}
     bool UseCompressedClassPointers               = true                                 {lp64_product} {ergonomic}
     bool UseCompressedOops                        = true                                 {lp64_product} {ergonomic}
     bool UseG1GC                                  = true                                      {product} {ergonomic}
     bool UseLargePagesIndividualAllocation        = false                                  {pd product} {ergonomic}

Logging:
Log output configuration:
 #0: stdout all=warning uptime,level,tags
 #1: stderr all=off uptime,level,tags

Environment Variables:
PATH=C:\WINDOWS\system32;C:\WINDOWS;C:\WINDOWS\System32\Wbem;C:\WINDOWS\System32\WindowsPowerShell\v1.0\;C:\Program Files\TortoiseSVN\bin;C:\WINDOWS\System32\OpenSSH\;C:\Program Files (x86)\ATI Technologies\ATI.ACE\Core-Static;C:\Program Files\Git\cmd;C:\Users\Hp\AppData\Local\Microsoft\WindowsApps;
USERNAME=Hp
OS=Windows_NT
PROCESSOR_IDENTIFIER=Intel64 Family 6 Model 58 Stepping 9, GenuineIntel



---------------  S Y S T E M  ---------------

OS:
 Windows 10 , 64 bit Build 19041 (10.0.19041.1348)
OS uptime: 7 days 8:15 hours

CPU: total 4 (initial active 4) (2 cores per cpu, 2 threads per core) family 6 model 58 stepping 9 microcode 0x21, cmov, cx8, fxsr, mmx, sse, sse2, sse3, ssse3, sse4.1, sse4.2, popcnt, vzeroupper, avx, aes, clmul, erms, ht, tsc, tscinvbit, tscinv, clflush

Memory: 4k page, system-wide physical 8084M (1767M free)
TotalPageFile size 13543M (AvailPageFile size 4753M)
current process WorkingSet (physical memory assigned to process): 202M, peak: 228M
current process commit charge ("private bytes"): 242M, peak: 300M

vm_info: OpenJDK 64-Bit Server VM (15.0.5+3-MTS) for windows-amd64 JRE (15.0.5+3-MTS) (Zulu15.36+13-CA), built on Oct  8 2021 11:07:26 by "zulu_re" with MS VC++ 15.9 (VS2017)

END.
